<?xml version="1.0" encoding="UTF-8"?>
<testsuite xmlns:xsi="http://www.w3.org/2001/XMLSchema-instance" xsi:noNamespaceSchemaLocation="https://maven.apache.org/surefire/maven-surefire-plugin/xsd/surefire-test-report-3.0.xsd" version="3.0" name="put.io.selenium.atm.AtmCardInfoTest" time="0.06" tests="6" errors="0" skipped="0" failures="0">
  <properties>
    <property name="java.specification.version" value="25"/>
    <property name="sun.cpu.isalist" value="amd64"/>
    <property name="sun.jnu.encoding" value="Cp1250"/>
    <property name="java.class.path" value="C:\Users\szymo\IdeaProjects\ci-project\Maven\target\test-classes;C:\Users\szymo\IdeaProjects\ci-project\Maven\target\classes;C:\Users\szymo\.m2\repository\freemarker\freemarker\2.3.1\freemarker-2.3.1.jar;C:\Users\szymo\.m2\repository\javax\servlet\javax.servlet-api\3.1.0\javax.servlet-api-3.1.0.jar;C:\Users\szymo\.m2\repository\junit\junit\4.12\junit-4.12.jar;C:\Users\szymo\.m2\repository\org\hamcrest\hamcrest-core\1.3\hamcrest-core-1.3.jar;"/>
    <property name="java.vm.vendor" value="Eclipse Adoptium"/>
    <property name="sun.arch.data.model" value="64"/>
    <property name="user.variant" value=""/>
    <property name="java.vendor.url" value="https://adoptium.net/"/>
    <property name="user.timezone" value="Europe/Warsaw"/>
    <property name="os.name" value="Windows 11"/>
    <property name="java.vm.specification.version" value="25"/>
    <property name="sun.java.launcher" value="SUN_STANDARD"/>
    <property name="user.country" value="PL"/>
    <property name="sun.boot.library.path" value="C:\Program Files\Eclipse Adoptium\jdk-25.0.0.36-hotspot\bin"/>
    <property name="sun.java.command" value="C:\Users\szymo\AppData\Local\Temp\surefire14757789321469790238\surefirebooter-20251027193017786_3.jar C:\Users\szymo\AppData\Local\Temp\surefire14757789321469790238 2025-10-27T19-30-17_621-jvmRun1 surefire-20251027193017786_1tmp surefire_0-20251027193017786_2tmp"/>
    <property name="jdk.debug" value="release"/>
    <property name="surefire.test.class.path" value="C:\Users\szymo\IdeaProjects\ci-project\Maven\target\test-classes;C:\Users\szymo\IdeaProjects\ci-project\Maven\target\classes;C:\Users\szymo\.m2\repository\freemarker\freemarker\2.3.1\freemarker-2.3.1.jar;C:\Users\szymo\.m2\repository\javax\servlet\javax.servlet-api\3.1.0\javax.servlet-api-3.1.0.jar;C:\Users\szymo\.m2\repository\junit\junit\4.12\junit-4.12.jar;C:\Users\szymo\.m2\repository\org\hamcrest\hamcrest-core\1.3\hamcrest-core-1.3.jar;"/>
    <property name="sun.cpu.endian" value="little"/>
    <property name="user.home" value="C:\Users\szymo"/>
    <property name="user.language" value="pl"/>
    <property name="java.specification.vendor" value="Oracle Corporation"/>
    <property name="java.version.date" value="2025-09-16"/>
    <property name="java.home" value="C:\Program Files\Eclipse Adoptium\jdk-25.0.0.36-hotspot"/>
    <property name="file.separator" value="\"/>
    <property name="basedir" value="C:\Users\szymo\IdeaProjects\ci-project\Maven"/>
    <property name="java.vm.compressedOopsMode" value="Zero based"/>
    <property name="line.separator" value="&#10;"/>
    <property name="java.vm.specification.vendor" value="Oracle Corporation"/>
    <property name="java.specification.name" value="Java Platform API Specification"/>
    <property name="surefire.real.class.path" value="C:\Users\szymo\AppData\Local\Temp\surefire14757789321469790238\surefirebooter-20251027193017786_3.jar"/>
    <property name="user.script" value=""/>
    <property name="sun.management.compiler" value="HotSpot 64-Bit Tiered Compilers"/>
    <property name="java.runtime.version" value="25+36-LTS"/>
    <property name="user.name" value="szymo"/>
    <property name="stdout.encoding" value="Cp1250"/>
    <property name="path.separator" value=";"/>
    <property name="os.version" value="10.0"/>
    <property name="java.runtime.name" value="OpenJDK Runtime Environment"/>
    <property name="file.encoding" value="UTF-8"/>
    <property name="java.vm.name" value="OpenJDK 64-Bit Server VM"/>
    <property name="java.vendor.version" value="Temurin-25+36"/>
    <property name="localRepository" value="C:\Users\szymo\.m2\repository"/>
    <property name="java.vendor.url.bug" value="https://github.com/adoptium/adoptium-support/issues"/>
    <property name="java.io.tmpdir" value="C:\Users\szymo\AppData\Local\Temp\"/>
    <property name="java.version" value="25"/>
    <property name="user.dir" value="C:\Users\szymo\IdeaProjects\ci-project\Maven"/>
    <property name="os.arch" value="amd64"/>
    <property name="java.vm.specification.name" value="Java Virtual Machine Specification"/>
    <property name="sun.os.patch.level" value=""/>
    <property name="native.encoding" value="Cp1250"/>
    <property name="java.library.path" value="C:\Program Files\Eclipse Adoptium\jdk-25.0.0.36-hotspot\bin;C:\WINDOWS\Sun\Java\bin;C:\WINDOWS\system32;C:\WINDOWS;C:\Program Files\Eclipse Adoptium\jdk-25.0.0.36-hotspot\bin;C:\app\szymo\product\21c\dbhomeXE\bin;C:\Python313\Scripts\;C:\Python313\;C:\Windows\system32;C:\Windows;C:\Windows\System32\Wbem;C:\Windows\System32\WindowsPowerShell\v1.0\;C:\Windows\System32\OpenSSH\;C:\Program Files (x86)\NVIDIA Corporation\PhysX\Common;C:\Program Files\NVIDIA Corporation\NVIDIA NvDLISR;C:\WINDOWS\system32;C:\WINDOWS;C:\WINDOWS\System32\Wbem;C:\WINDOWS\System32\WindowsPowerShell\v1.0\;C:\WINDOWS\System32\OpenSSH\;C:\Program Files\Git\cmd;C:\Program Files\nodejs\;C:\ProgramData\chocolatey\bin;C:\ProgramData\chocolatey\lib\maven\apache-maven-3.9.11\bin;C:\Users\szymo\AppData\Local\Microsoft\WindowsApps;;C:\Program Files\JetBrains\PyCharm 2025.1.3\bin;;C:\Users\szymo\AppData\Local\Microsoft\WinGet\Packages\Gyan.FFmpeg_Microsoft.Winget.Source_8wekyb3d8bbwe\ffmpeg-7.1.1-full_build\bin;C:\Users\szymo\AppData\Roaming\npm;C:\Program Files\JetBrains\IntelliJ IDEA 2025.2.3\bin;."/>
    <property name="java.vm.info" value="mixed mode, sharing"/>
    <property name="stderr.encoding" value="Cp1250"/>
    <property name="java.vendor" value="Eclipse Adoptium"/>
    <property name="java.vm.version" value="25+36-LTS"/>
    <property name="stdin.encoding" value="Cp1250"/>
    <property name="sun.io.unicode.encoding" value="UnicodeLittle"/>
    <property name="java.class.version" value="69.0"/>
  </properties>
  <testcase name="testTryPinIncorrect" classname="put.io.selenium.atm.AtmCardInfoTest" time="0.005"/>
  <testcase name="testTryPinCorrect" classname="put.io.selenium.atm.AtmCardInfoTest" time="0.0"/>
  <testcase name="testTryWithdraw" classname="put.io.selenium.atm.AtmCardInfoTest" time="0.0"/>
  <testcase name="testTryPinCardLocked" classname="put.io.selenium.atm.AtmCardInfoTest" time="0.0"/>
  <testcase name="testCardOut" classname="put.io.selenium.atm.AtmCardInfoTest" time="0.0"/>
  <testcase name="testCardIn" classname="put.io.selenium.atm.AtmCardInfoTest" time="0.0"/>
</testsuite>